                      :-) GROMACS - gmx mdrun, 2024.2 (-:

Copyright 1991-2024 The GROMACS Authors.
GROMACS is free software; you can redistribute it and/or modify it
under the terms of the GNU Lesser General Public License
as published by the Free Software Foundation; either version 2.1
of the License, or (at your option) any later version.

                         Current GROMACS contributors:
       Mark Abraham           Andrey Alekseenko           Vladimir Basov      
      Cathrine Bergh            Eliane Briand               Ania Brown        
      Mahesh Doijade            Giacomo Fiorin          Stefan Fleischmann    
      Sergey Gorelov         Gilles Gouaillardet            Alan Gray         
     M. Eric Irrgang         Farzaneh Jalalypour            Joe Jordan        
     Carsten Kutzner           Justin A. Lemkul          Magnus Lundborg      
       Pascal Merz              Vedran Miletic            Dmitry Morozov      
       Julien Nabet              Szilard Pall        Andrea Pasquadibisceglie 
    Michele Pellegrino          Hubert Santuz             Roland Schulz       
     Tatiana Shugaeva          Alexey Shvetsov            Philip Turner       
     Alessandra Villa      Sebastian Wingbermuehle  

                         Previous GROMACS contributors:
        Emile Apol             Rossen Apostolov           James Barnett       
        Paul Bauer          Herman J.C. Berendsen          Par Bjelkmar       
      Christian Blau          Viacheslav Bolnykh            Kevin Boyd        
    Aldert van Buuren          Carlo Camilloni           Rudi van Drunen      
      Anton Feenstra           Oliver Fleetwood            Vytas Gapsys       
       Gaurav Garg             Gerrit Groenhof            Bert de Groot       
      Anca Hamuraru           Vincent Hindriksen          Victor Holanda      
     Aleksei Iupinov          Christoph Junghans        Prashanth Kanduri     
   Dimitrios Karkoulis           Peter Kasson             Sebastian Kehl      
     Sebastian Keller             Jiri Kraus               Per Larsson        
      Viveca Lindahl            Erik Marklund           Pieter Meulenhoff     
      Teemu Murtola              Sander Pronk             Michael Shirts      
      Alfons Sijbers            Balint Soproni         David van der Spoel    
      Peter Tieleman            Carsten Uphoff             Jon Vincent        
     Teemu Virolainen         Christian Wennberg           Maarten Wolf       
      Artem Zhmurov       

                  Coordinated by the GROMACS project leaders:
                           Berk Hess and Erik Lindahl

GROMACS:      gmx mdrun, version 2024.2
Executable:   /usr/local/gromacs/bin/gmx
Data prefix:  /usr/local/gromacs
Working dir:  /mnt/c/Users/Administrator/Desktop/PRISM/example/gaff_model/GMX_PROLIG_MD
Process ID:   208008
Command line:
  gmx mdrun -ntmpi 1 -ntomp 10 -nb gpu -bonded gpu -pme gpu -gpu_id 0 -s ./nvt/nvt.tpr -deffnm ./nvt/nvt -v

GROMACS version:     2024.2
Precision:           mixed
Memory model:        64 bit
MPI library:         thread_mpi
OpenMP support:      enabled (GMX_OPENMP_MAX_THREADS = 128)
GPU support:         CUDA
NBNxM GPU setup:     super-cluster 2x2x2 / cluster 8
SIMD instructions:   AVX2_256
CPU FFT library:     fftw-3.3.8-sse2-avx-avx2-avx2_128
GPU FFT library:     cuFFT
Multi-GPU FFT:       none
RDTSCP usage:        enabled
TNG support:         enabled
Hwloc support:       disabled
Tracing support:     disabled
C compiler:          /usr/bin/cc GNU 11.4.0
C compiler flags:    -fexcess-precision=fast -funroll-all-loops -mavx2 -mfma -Wno-missing-field-initializers -O3 -DNDEBUG
C++ compiler:        /usr/bin/c++ GNU 11.4.0
C++ compiler flags:  -fexcess-precision=fast -funroll-all-loops -mavx2 -mfma -Wno-missing-field-initializers -Wno-cast-function-type-strict -fopenmp -O3 -DNDEBUG
BLAS library:        Internal
LAPACK library:      Internal
CUDA compiler:       /usr/local/cuda-12.4/bin/nvcc nvcc: NVIDIA (R) Cuda compiler driver;Copyright (c) 2005-2024 NVIDIA Corporation;Built on Tue_Feb_27_16:19:38_PST_2024;Cuda compilation tools, release 12.4, V12.4.99;Build cuda_12.4.r12.4/compiler.33961263_0
CUDA compiler flags:-std=c++17;--generate-code=arch=compute_50,code=sm_50;--generate-code=arch=compute_52,code=sm_52;--generate-code=arch=compute_60,code=sm_60;--generate-code=arch=compute_61,code=sm_61;--generate-code=arch=compute_70,code=sm_70;--generate-code=arch=compute_75,code=sm_75;--generate-code=arch=compute_80,code=sm_80;--generate-code=arch=compute_86,code=sm_86;--generate-code=arch=compute_89,code=sm_89;--generate-code=arch=compute_90,code=sm_90;-Wno-deprecated-gpu-targets;--generate-code=arch=compute_53,code=sm_53;--generate-code=arch=compute_80,code=sm_80;-use_fast_math;-Xptxas;-warn-double-usage;-Xptxas;-Werror;-D_FORCE_INLINES;-Xcompiler;-fopenmp;-fexcess-precision=fast -funroll-all-loops -mavx2 -mfma -Wno-missing-field-initializers -Wno-cast-function-type-strict -fopenmp -O3 -DNDEBUG
CUDA driver:         12.60
CUDA runtime:        12.40


Running on 1 node with total 16 cores, 32 processing units, 1 compatible GPU
Hardware detected on host DESKTOP-509VOF9:
  CPU info:
    Vendor: Intel
    Brand:  13th Gen Intel(R) Core(TM) i9-13900KF
    Family: 6   Model: 183   Stepping: 1
    Features: aes apic avx avx2 clfsh cmov cx8 cx16 f16c fma htt intel lahf mmx msr nonstop_tsc pcid pclmuldq pdpe1gb popcnt pse rdrnd rdtscp sha sse2 sse3 sse4.1 sse4.2 ssse3 tdt x2apic
  Hardware topology: Basic
    Packages, cores, and logical processors:
    [indices refer to OS logical processors]
      Package  0: [   0   1] [   2   3] [   4   5] [   6   7] [   8   9] [  10  11] [  12  13] [  14  15] [  16  17] [  18  19] [  20  21] [  22  23] [  24  25] [  26  27] [  28  29] [  30  31]
    CPU limit set by OS: -1   Recommended max number of threads: 32
  GPU info:
    Number of GPUs detected: 1
    #0: NVIDIA NVIDIA GeForce RTX 4090, compute cap.: 8.9, ECC:  no, stat: compatible


++++ PLEASE READ AND CITE THE FOLLOWING REFERENCE ++++
M. J. Abraham, T. Murtola, R. Schulz, S. Páll, J. C. Smith, B. Hess, E.
Lindahl
GROMACS: High performance molecular simulations through multi-level
parallelism from laptops to supercomputers
SoftwareX 1 (2015) pp. 19-25
-------- -------- --- Thank You --- -------- --------


++++ PLEASE READ AND CITE THE FOLLOWING REFERENCE ++++
S. Páll, M. J. Abraham, C. Kutzner, B. Hess, E. Lindahl
Tackling Exascale Software Challenges in Molecular Dynamics Simulations with
GROMACS
In S. Markidis & E. Laure (Eds.), Solving Software Challenges for Exascale 8759 (2015) pp. 3-27
-------- -------- --- Thank You --- -------- --------


++++ PLEASE READ AND CITE THE FOLLOWING REFERENCE ++++
S. Pronk, S. Páll, R. Schulz, P. Larsson, P. Bjelkmar, R. Apostolov, M. R.
Shirts, J. C. Smith, P. M. Kasson, D. van der Spoel, B. Hess, and E. Lindahl
GROMACS 4.5: a high-throughput and highly parallel open source molecular
simulation toolkit
Bioinformatics 29 (2013) pp. 845-54
-------- -------- --- Thank You --- -------- --------


++++ PLEASE READ AND CITE THE FOLLOWING REFERENCE ++++
B. Hess and C. Kutzner and D. van der Spoel and E. Lindahl
GROMACS 4: Algorithms for highly efficient, load-balanced, and scalable
molecular simulation
J. Chem. Theory Comput. 4 (2008) pp. 435-447
-------- -------- --- Thank You --- -------- --------


++++ PLEASE READ AND CITE THE FOLLOWING REFERENCE ++++
D. van der Spoel, E. Lindahl, B. Hess, G. Groenhof, A. E. Mark and H. J. C.
Berendsen
GROMACS: Fast, Flexible and Free
J. Comp. Chem. 26 (2005) pp. 1701-1719
-------- -------- --- Thank You --- -------- --------


++++ PLEASE READ AND CITE THE FOLLOWING REFERENCE ++++
E. Lindahl and B. Hess and D. van der Spoel
GROMACS 3.0: A package for molecular simulation and trajectory analysis
J. Mol. Mod. 7 (2001) pp. 306-317
-------- -------- --- Thank You --- -------- --------


++++ PLEASE READ AND CITE THE FOLLOWING REFERENCE ++++
H. J. C. Berendsen, D. van der Spoel and R. van Drunen
GROMACS: A message-passing parallel molecular dynamics implementation
Comp. Phys. Comm. 91 (1995) pp. 43-56
-------- -------- --- Thank You --- -------- --------


++++ PLEASE CITE THE DOI FOR THIS VERSION OF GROMACS ++++
https://doi.org/10.5281/zenodo.11148655
-------- -------- --- Thank You --- -------- --------

Input Parameters:
   integrator                     = md
   tinit                          = 0
   dt                             = 0.002
   nsteps                         = 250000
   init-step                      = 0
   simulation-part                = 1
   mts                            = false
   mass-repartition-factor        = 1
   comm-mode                      = Linear
   nstcomm                        = 100
   bd-fric                        = 0
   ld-seed                        = -1627808132
   emtol                          = 10
   emstep                         = 0.01
   niter                          = 20
   fcstep                         = 0
   nstcgsteep                     = 1000
   nbfgscorr                      = 10
   rtpi                           = 0.05
   nstxout                        = 0
   nstvout                        = 0
   nstfout                        = 0
   nstlog                         = 5000
   nstcalcenergy                  = 100
   nstenergy                      = 5000
   nstxout-compressed             = 0
   compressed-x-precision         = 1000
   cutoff-scheme                  = Verlet
   nstlist                        = 10
   pbc                            = xyz
   periodic-molecules             = false
   verlet-buffer-tolerance        = 0.005
   verlet-buffer-pressure-tolerance = 0.5
   rlist                          = 1
   coulombtype                    = PME
   coulomb-modifier               = Potential-shift
   rcoulomb-switch                = 0
   rcoulomb                       = 1
   epsilon-r                      = 1
   epsilon-rf                     = inf
   vdw-type                       = Cut-off
   vdw-modifier                   = Potential-shift
   rvdw-switch                    = 0
   rvdw                           = 1
   DispCorr                       = EnerPres
   table-extension                = 1
   fourierspacing                 = 0.16
   fourier-nx                     = 48
   fourier-ny                     = 44
   fourier-nz                     = 52
   pme-order                      = 4
   ewald-rtol                     = 1e-05
   ewald-rtol-lj                  = 0.001
   lj-pme-comb-rule               = Geometric
   ewald-geometry                 = 3d
   epsilon-surface                = 0
   ensemble-temperature-setting   = constant
   ensemble-temperature           = 310
   tcoupl                         = V-rescale
   nsttcouple                     = 10
   nh-chain-length                = 0
   print-nose-hoover-chain-variables = false
   pcoupl                         = No
   refcoord-scaling               = COM
   posres-com (3):
      posres-com[0]= 4.98627e-01
      posres-com[1]= 5.02770e-01
      posres-com[2]= 4.98297e-01
   posres-comB (3):
      posres-comB[0]= 4.98627e-01
      posres-comB[1]= 5.02770e-01
      posres-comB[2]= 4.98297e-01
   QMMM                           = false
qm-opts:
   ngQM                           = 0
   constraint-algorithm           = Lincs
   continuation                   = false
   Shake-SOR                      = false
   shake-tol                      = 0.0001
   lincs-order                    = 4
   lincs-iter                     = 1
   lincs-warnangle                = 30
   nwall                          = 0
   wall-type                      = 9-3
   wall-r-linpot                  = -1
   wall-atomtype[0]               = -1
   wall-atomtype[1]               = -1
   wall-density[0]                = 0
   wall-density[1]                = 0
   wall-ewald-zfac                = 3
   pull                           = false
   awh                            = false
   rotation                       = false
   interactiveMD                  = false
   disre                          = No
   disre-weighting                = Conservative
   disre-mixed                    = false
   dr-fc                          = 1000
   dr-tau                         = 0
   nstdisreout                    = 100
   orire-fc                       = 0
   orire-tau                      = 0
   nstorireout                    = 100
   free-energy                    = no
   cos-acceleration               = 0
   deform (3x3):
      deform[    0]={ 0.00000e+00,  0.00000e+00,  0.00000e+00}
      deform[    1]={ 0.00000e+00,  0.00000e+00,  0.00000e+00}
      deform[    2]={ 0.00000e+00,  0.00000e+00,  0.00000e+00}
   simulated-tempering            = false
   swapcoords                     = no
   userint1                       = 0
   userint2                       = 0
   userint3                       = 0
   userint4                       = 0
   userreal1                      = 0
   userreal2                      = 0
   userreal3                      = 0
   userreal4                      = 0
   applied-forces:
     electric-field:
       x:
         E0                       = 0
         omega                    = 0
         t0                       = 0
         sigma                    = 0
       y:
         E0                       = 0
         omega                    = 0
         t0                       = 0
         sigma                    = 0
       z:
         E0                       = 0
         omega                    = 0
         t0                       = 0
         sigma                    = 0
     density-guided-simulation:
       active                     = false
       group                      = protein
       similarity-measure         = inner-product
       atom-spreading-weight      = unity
       force-constant             = 1e+09
       gaussian-transform-spreading-width = 0.2
       gaussian-transform-spreading-range-in-multiples-of-width = 4
       reference-density-filename = reference.mrc
       nst                        = 1
       normalize-densities        = true
       adaptive-force-scaling     = false
       adaptive-force-scaling-time-constant = 4
       shift-vector               = 
       transformation-matrix      = 
     qmmm-cp2k:
       active                     = false
       qmgroup                    = System
       qmmethod                   = PBE
       qmfilenames                = 
       qmcharge                   = 0
       qmmultiplicity             = 1
     colvars:
       active                     = false
       configfile                 = 
       seed                       = -1
grpopts:
   nrdf:        8068       71723
   ref-t:         310         310
   tau-t:         0.1         0.1
annealing:          No          No
annealing-npoints:           0           0
   acc:	           0           0           0
   nfreeze:           N           N           N
   energygrp-flags[  0]: 0

Changing nstlist from 10 to 100, rlist from 1 to 1.175

Update groups can not be used for this system because atoms that are (in)directly constrained together are interdispersed with other atoms

1 GPU selected for this run.
Mapping of GPU IDs to the 2 GPU tasks in the 1 rank on this node:
  PP:0,PME:0
PP tasks will do (non-perturbed) short-ranged and most bonded interactions on the GPU
PP task will update and constrain coordinates on the GPU
PME tasks will do all aspects on the GPU
Using 1 MPI thread
Using 10 OpenMP threads 

System total charge: -0.000
Will do PME sum in reciprocal space for electrostatic interactions.

++++ PLEASE READ AND CITE THE FOLLOWING REFERENCE ++++
U. Essmann, L. Perera, M. L. Berkowitz, T. Darden, H. Lee and L. G. Pedersen 
A smooth particle mesh Ewald method
J. Chem. Phys. 103 (1995) pp. 8577-8592
-------- -------- --- Thank You --- -------- --------

Using a Gaussian width (1/beta) of 0.320163 nm for Ewald
Potential shift: LJ r^-12: -1.000e+00 r^-6: -1.000e+00, Ewald -1.000e-05
Initialized non-bonded Coulomb Ewald tables, spacing: 9.33e-04 size: 1073

Generated table with 1087 data points for 1-4 COUL.
Tabscale = 500 points/nm
Generated table with 1087 data points for 1-4 LJ6.
Tabscale = 500 points/nm
Generated table with 1087 data points for 1-4 LJ12.
Tabscale = 500 points/nm
Long Range LJ corr.: <C6> 3.1761e-04


Using GPU 8x8 nonbonded short-range kernels

Using a dual 8x8 pair-list setup updated with dynamic, rolling pruning:
  outer list: updated every 100 steps, buffer 0.175 nm, rlist 1.175 nm
  inner list: updated every   8 steps, buffer 0.001 nm, rlist 1.001 nm
At tolerance 0.005 kJ/mol/ps per atom, equivalent classical 1x1 list would be:
  outer list: updated every 100 steps, buffer 0.311 nm, rlist 1.311 nm
  inner list: updated every   8 steps, buffer 0.031 nm, rlist 1.031 nm

The average pressure is off by at most 0.55 bar due to missing LJ interactions

Using full Lennard-Jones parameter combination matrix
Removing pbc first time

NOTE: The number of threads is not equal to the number of (logical) cpus
      and the -pin option is set to auto: will not pin threads to cpus.
      This can lead to significant performance degradation.
      Consider using -pin on (and -pinoffset in case you run multiple jobs).

Initializing LINear Constraint Solver

++++ PLEASE READ AND CITE THE FOLLOWING REFERENCE ++++
B. Hess and H. Bekker and H. J. C. Berendsen and J. G. E. M. Fraaije
LINCS: A Linear Constraint Solver for molecular simulations
J. Comp. Chem. 18 (1997) pp. 1463-1472
-------- -------- --- Thank You --- -------- --------

The number of constraints is 1611

++++ PLEASE READ AND CITE THE FOLLOWING REFERENCE ++++
S. Miyamoto and P. A. Kollman
SETTLE: An Analytical Version of the SHAKE and RATTLE Algorithms for Rigid
Water Models
J. Comp. Chem. 13 (1992) pp. 952-962
-------- -------- --- Thank You --- -------- --------


++++ PLEASE READ AND CITE THE FOLLOWING REFERENCE ++++
G. Bussi, D. Donadio and M. Parrinello
Canonical sampling through velocity rescaling
J. Chem. Phys. 126 (2007) pp. 014101
-------- -------- --- Thank You --- -------- --------

There are: 39031 Atoms

Updating coordinates and applying constraints on the GPU.

Constraining the starting coordinates (step 0)

Constraining the coordinates at t0-dt (step 0)
Center of mass motion removal mode is Linear
We have the following groups for center of mass motion removal:
  0:  Protein
  1:  non-Protein
RMS relative constraint deviation after constraining: 3.02e-06
Initial temperature: 309.652 K

Started mdrun on rank 0 Wed Jul 16 22:26:56 2025

           Step           Time
              0        0.00000

   Energies (kJ/mol)
           Bond          Angle    Proper Dih. Per. Imp. Dih.          LJ-14
    3.87688e+02    1.61740e+03    1.05085e+04    8.96720e+01    2.85235e+03
     Coulomb-14        LJ (SR)  Disper. corr.   Coulomb (SR)   Coul. recip.
    4.61155e+04    9.03627e+04   -5.08399e+03   -7.86030e+05    3.37074e+03
 Position Rest.      Potential    Kinetic En.   Total Energy  Conserved En.
    1.37320e-03   -6.35810e+05    1.02726e+05   -5.33084e+05   -5.33084e+05
    Temperature Pres. DC (bar) Pressure (bar)   Constr. rmsd
    3.09687e+02   -2.12280e+02   -3.23962e+03    3.02477e-06

           Step           Time
           5000       10.00000

   Energies (kJ/mol)
           Bond          Angle    Proper Dih. Per. Imp. Dih.          LJ-14
    2.45217e+03    6.69775e+03    1.13488e+04    4.15435e+02    3.17187e+03
     Coulomb-14        LJ (SR)  Disper. corr.   Coulomb (SR)   Coul. recip.
    4.57810e+04    6.72488e+04   -5.08399e+03   -6.52667e+05    4.06647e+03
 Position Rest.      Potential    Kinetic En.   Total Energy  Conserved En.
    7.57420e+02   -5.15812e+05    1.03018e+05   -4.12794e+05   -5.32169e+05
    Temperature Pres. DC (bar) Pressure (bar)   Constr. rmsd
    3.10567e+02   -2.12280e+02   -9.58779e+01    3.02477e-06

           Step           Time
          10000       20.00000

   Energies (kJ/mol)
           Bond          Angle    Proper Dih. Per. Imp. Dih.          LJ-14
    2.57014e+03    6.36563e+03    1.12706e+04    3.88120e+02    3.20351e+03
     Coulomb-14        LJ (SR)  Disper. corr.   Coulomb (SR)   Coul. recip.
    4.58679e+04    6.72270e+04   -5.08399e+03   -6.52338e+05    3.95377e+03
 Position Rest.      Potential    Kinetic En.   Total Energy  Conserved En.
    6.37453e+02   -5.15938e+05    1.02762e+05   -4.13176e+05   -5.32298e+05
    Temperature Pres. DC (bar) Pressure (bar)   Constr. rmsd
    3.09796e+02   -2.12280e+02   -1.90027e+02    3.02477e-06

step 14200: timed with pme grid 48 44 52, coulomb cutoff 1.000: 99.4 M-cycles
step 14400: timed with pme grid 44 40 48, coulomb cutoff 1.075: 115.9 M-cycles
step 14600: timed with pme grid 44 42 48, coulomb cutoff 1.053: 113.8 M-cycles
step 14800: timed with pme grid 48 42 48, coulomb cutoff 1.024: 231.6 M-cycles
step 15000: timed with pme grid 48 44 48, coulomb cutoff 1.016: 208.9 M-cycles
           Step           Time
          15000       30.00000

   Energies (kJ/mol)
           Bond          Angle    Proper Dih. Per. Imp. Dih.          LJ-14
    2.59957e+03    6.84239e+03    1.13317e+04    4.30128e+02    3.08709e+03
     Coulomb-14        LJ (SR)  Disper. corr.   Coulomb (SR)   Coul. recip.
    4.57521e+04    6.67841e+04   -5.08399e+03   -6.51255e+05    4.08794e+03
 Position Rest.      Potential    Kinetic En.   Total Energy  Conserved En.
    7.19563e+02   -5.14704e+05    1.02317e+05   -4.12387e+05   -5.32386e+05
    Temperature Pres. DC (bar) Pressure (bar)   Constr. rmsd
    3.08455e+02   -2.12280e+02   -2.46137e+02    3.02477e-06

step 15200: timed with pme grid 48 44 52, coulomb cutoff 1.000: 211.6 M-cycles
              optimal pme grid 48 44 52, coulomb cutoff 1.000
           Step           Time
          20000       40.00000

   Energies (kJ/mol)
           Bond          Angle    Proper Dih. Per. Imp. Dih.          LJ-14
    2.49819e+03    6.85716e+03    1.13898e+04    4.22216e+02    3.19673e+03
     Coulomb-14        LJ (SR)  Disper. corr.   Coulomb (SR)   Coul. recip.
    4.58235e+04    6.73719e+04   -5.08399e+03   -6.51628e+05    3.93461e+03
 Position Rest.      Potential    Kinetic En.   Total Energy  Conserved En.
    7.33349e+02   -5.14485e+05    1.03943e+05   -4.10542e+05   -5.32498e+05
    Temperature Pres. DC (bar) Pressure (bar)   Constr. rmsd
    3.13355e+02   -2.12280e+02    3.69016e+01    3.02477e-06

           Step           Time
          25000       50.00000

   Energies (kJ/mol)
           Bond          Angle    Proper Dih. Per. Imp. Dih.          LJ-14
    2.62055e+03    6.48949e+03    1.12828e+04    3.91616e+02    3.11535e+03
     Coulomb-14        LJ (SR)  Disper. corr.   Coulomb (SR)   Coul. recip.
    4.60084e+04    6.70703e+04   -5.08399e+03   -6.53690e+05    3.94981e+03
 Position Rest.      Potential    Kinetic En.   Total Energy  Conserved En.
    8.00141e+02   -5.17046e+05    1.02134e+05   -4.14912e+05   -5.32611e+05
    Temperature Pres. DC (bar) Pressure (bar)   Constr. rmsd
    3.07901e+02   -2.12280e+02   -3.55234e+02    3.02477e-06

           Step           Time
          30000       60.00000

   Energies (kJ/mol)
           Bond          Angle    Proper Dih. Per. Imp. Dih.          LJ-14
    2.37371e+03    6.88817e+03    1.12913e+04    4.15840e+02    3.16542e+03
     Coulomb-14        LJ (SR)  Disper. corr.   Coulomb (SR)   Coul. recip.
    4.59060e+04    6.72367e+04   -5.08399e+03   -6.52648e+05    4.01832e+03
 Position Rest.      Potential    Kinetic En.   Total Energy  Conserved En.
    7.81411e+02   -5.15655e+05    1.03598e+05   -4.12056e+05   -5.32759e+05
    Temperature Pres. DC (bar) Pressure (bar)   Constr. rmsd
    3.12317e+02   -2.12280e+02   -3.55063e+01    3.02477e-06

           Step           Time
          35000       70.00000

   Energies (kJ/mol)
           Bond          Angle    Proper Dih. Per. Imp. Dih.          LJ-14
    2.69342e+03    6.52938e+03    1.12079e+04    3.78942e+02    3.16982e+03
     Coulomb-14        LJ (SR)  Disper. corr.   Coulomb (SR)   Coul. recip.
    4.58725e+04    6.76479e+04   -5.08399e+03   -6.53541e+05    3.93386e+03
 Position Rest.      Potential    Kinetic En.   Total Energy  Conserved En.
    6.99809e+02   -5.16492e+05    1.02594e+05   -4.13898e+05   -5.32849e+05
    Temperature Pres. DC (bar) Pressure (bar)   Constr. rmsd
    3.09289e+02   -2.12280e+02   -1.77965e+02    3.02477e-06

           Step           Time
          40000       80.00000

   Energies (kJ/mol)
           Bond          Angle    Proper Dih. Per. Imp. Dih.          LJ-14
    2.50773e+03    6.59458e+03    1.13467e+04    4.34577e+02    3.16130e+03
     Coulomb-14        LJ (SR)  Disper. corr.   Coulomb (SR)   Coul. recip.
    4.58062e+04    6.77496e+04   -5.08399e+03   -6.52528e+05    4.09710e+03
 Position Rest.      Potential    Kinetic En.   Total Energy  Conserved En.
    7.15612e+02   -5.15198e+05    1.03335e+05   -4.11863e+05   -5.32951e+05
    Temperature Pres. DC (bar) Pressure (bar)   Constr. rmsd
    3.11524e+02   -2.12280e+02   -1.16378e+02    3.02477e-06

           Step           Time
          45000       90.00000

   Energies (kJ/mol)
           Bond          Angle    Proper Dih. Per. Imp. Dih.          LJ-14
    2.57671e+03    6.61638e+03    1.13242e+04    4.85296e+02    3.16311e+03
     Coulomb-14        LJ (SR)  Disper. corr.   Coulomb (SR)   Coul. recip.
    4.58636e+04    6.61448e+04   -5.08399e+03   -6.51002e+05    3.95934e+03
 Position Rest.      Potential    Kinetic En.   Total Energy  Conserved En.
    7.31392e+02   -5.15222e+05    1.02925e+05   -4.12296e+05   -5.33038e+05
    Temperature Pres. DC (bar) Pressure (bar)   Constr. rmsd
    3.10288e+02   -2.12280e+02   -3.32999e+02    3.02477e-06

           Step           Time
          50000      100.00000

   Energies (kJ/mol)
           Bond          Angle    Proper Dih. Per. Imp. Dih.          LJ-14
    2.62290e+03    6.71406e+03    1.13235e+04    4.14545e+02    3.18375e+03
     Coulomb-14        LJ (SR)  Disper. corr.   Coulomb (SR)   Coul. recip.
    4.57182e+04    6.63535e+04   -5.08399e+03   -6.51771e+05    4.06558e+03
 Position Rest.      Potential    Kinetic En.   Total Energy  Conserved En.
    7.06673e+02   -5.15753e+05    1.02900e+05   -4.12853e+05   -5.33153e+05
    Temperature Pres. DC (bar) Pressure (bar)   Constr. rmsd
    3.10211e+02   -2.12280e+02   -3.81990e+02    3.02477e-06

           Step           Time
          55000      110.00000

   Energies (kJ/mol)
           Bond          Angle    Proper Dih. Per. Imp. Dih.          LJ-14
    2.52250e+03    6.50187e+03    1.13832e+04    4.02833e+02    3.15811e+03
     Coulomb-14        LJ (SR)  Disper. corr.   Coulomb (SR)   Coul. recip.
    4.57461e+04    6.74595e+04   -5.08399e+03   -6.52989e+05    4.00617e+03
 Position Rest.      Potential    Kinetic En.   Total Energy  Conserved En.
    6.83714e+02   -5.16209e+05    1.02751e+05   -4.13458e+05   -5.33308e+05
    Temperature Pres. DC (bar) Pressure (bar)   Constr. rmsd
    3.09761e+02   -2.12280e+02    3.24048e+01    3.02477e-06

           Step           Time
          60000      120.00000

   Energies (kJ/mol)
           Bond          Angle    Proper Dih. Per. Imp. Dih.          LJ-14
    2.52016e+03    6.78741e+03    1.12711e+04    4.18851e+02    3.05437e+03
     Coulomb-14        LJ (SR)  Disper. corr.   Coulomb (SR)   Coul. recip.
    4.56981e+04    6.60359e+04   -5.08399e+03   -6.52223e+05    4.06103e+03
 Position Rest.      Potential    Kinetic En.   Total Energy  Conserved En.
    7.74641e+02   -5.16685e+05    1.02798e+05   -4.13888e+05   -5.33382e+05
    Temperature Pres. DC (bar) Pressure (bar)   Constr. rmsd
    3.09902e+02   -2.12280e+02   -6.00563e+02    3.02477e-06

           Step           Time
          65000      130.00000

   Energies (kJ/mol)
           Bond          Angle    Proper Dih. Per. Imp. Dih.          LJ-14
    2.48032e+03    6.70234e+03    1.12830e+04    4.10815e+02    3.15454e+03
     Coulomb-14        LJ (SR)  Disper. corr.   Coulomb (SR)   Coul. recip.
    4.57088e+04    6.76296e+04   -5.08399e+03   -6.52345e+05    4.00259e+03
 Position Rest.      Potential    Kinetic En.   Total Energy  Conserved En.
    6.95944e+02   -5.15361e+05    1.02524e+05   -4.12838e+05   -5.33487e+05
    Temperature Pres. DC (bar) Pressure (bar)   Constr. rmsd
    3.09076e+02   -2.12280e+02   -4.53486e+01    3.02477e-06

           Step           Time
          70000      140.00000

   Energies (kJ/mol)
           Bond          Angle    Proper Dih. Per. Imp. Dih.          LJ-14
    2.67186e+03    6.68371e+03    1.11599e+04    4.05907e+02    3.17862e+03
     Coulomb-14        LJ (SR)  Disper. corr.   Coulomb (SR)   Coul. recip.
    4.57554e+04    6.70883e+04   -5.08399e+03   -6.51794e+05    4.05578e+03
 Position Rest.      Potential    Kinetic En.   Total Energy  Conserved En.
    7.49921e+02   -5.15128e+05    1.03123e+05   -4.12005e+05   -5.33601e+05
    Temperature Pres. DC (bar) Pressure (bar)   Constr. rmsd
    3.10885e+02   -2.12280e+02   -2.45363e+02    3.02477e-06

           Step           Time
          75000      150.00000

   Energies (kJ/mol)
           Bond          Angle    Proper Dih. Per. Imp. Dih.          LJ-14
    2.45845e+03    6.62423e+03    1.12429e+04    3.81822e+02    3.13006e+03
     Coulomb-14        LJ (SR)  Disper. corr.   Coulomb (SR)   Coul. recip.
    4.58211e+04    6.69679e+04   -5.08399e+03   -6.52747e+05    3.87962e+03
 Position Rest.      Potential    Kinetic En.   Total Energy  Conserved En.
    7.39028e+02   -5.16586e+05    1.01913e+05   -4.14673e+05   -5.33682e+05
    Temperature Pres. DC (bar) Pressure (bar)   Constr. rmsd
    3.07236e+02   -2.12280e+02   -2.58855e+02    3.02477e-06

           Step           Time
          80000      160.00000

   Energies (kJ/mol)
           Bond          Angle    Proper Dih. Per. Imp. Dih.          LJ-14
    2.50681e+03    6.71754e+03    1.12115e+04    3.69165e+02    3.17345e+03
     Coulomb-14        LJ (SR)  Disper. corr.   Coulomb (SR)   Coul. recip.
    4.60407e+04    6.63756e+04   -5.08399e+03   -6.51525e+05    3.89628e+03
 Position Rest.      Potential    Kinetic En.   Total Energy  Conserved En.
    6.99553e+02   -5.15619e+05    1.03295e+05   -4.12324e+05   -5.33819e+05
    Temperature Pres. DC (bar) Pressure (bar)   Constr. rmsd
    3.11402e+02   -2.12280e+02   -2.04101e+02    3.02477e-06

           Step           Time
          85000      170.00000

   Energies (kJ/mol)
           Bond          Angle    Proper Dih. Per. Imp. Dih.          LJ-14
    2.46417e+03    6.51813e+03    1.12657e+04    4.07780e+02    3.13082e+03
     Coulomb-14        LJ (SR)  Disper. corr.   Coulomb (SR)   Coul. recip.
    4.59613e+04    6.81402e+04   -5.08399e+03   -6.54193e+05    3.92536e+03
 Position Rest.      Potential    Kinetic En.   Total Energy  Conserved En.
    8.04433e+02   -5.16659e+05    1.02834e+05   -4.13825e+05   -5.33951e+05
    Temperature Pres. DC (bar) Pressure (bar)   Constr. rmsd
    3.10013e+02   -2.12280e+02   -2.06770e+02    3.02477e-06

           Step           Time
          90000      180.00000

   Energies (kJ/mol)
           Bond          Angle    Proper Dih. Per. Imp. Dih.          LJ-14
    2.52248e+03    6.78390e+03    1.12705e+04    4.01993e+02    3.15803e+03
     Coulomb-14        LJ (SR)  Disper. corr.   Coulomb (SR)   Coul. recip.
    4.57162e+04    6.73506e+04   -5.08399e+03   -6.52865e+05    4.05884e+03
 Position Rest.      Potential    Kinetic En.   Total Energy  Conserved En.
    6.89516e+02   -5.15997e+05    1.02986e+05   -4.13011e+05   -5.34044e+05
    Temperature Pres. DC (bar) Pressure (bar)   Constr. rmsd
    3.10471e+02   -2.12280e+02   -3.15941e+02    3.02477e-06

           Step           Time
          95000      190.00000

   Energies (kJ/mol)
           Bond          Angle    Proper Dih. Per. Imp. Dih.          LJ-14
    2.58108e+03    6.93642e+03    1.12600e+04    4.17558e+02    3.11114e+03
     Coulomb-14        LJ (SR)  Disper. corr.   Coulomb (SR)   Coul. recip.
    4.56379e+04    6.69695e+04   -5.08399e+03   -6.52064e+05    3.99150e+03
 Position Rest.      Potential    Kinetic En.   Total Energy  Conserved En.
    7.74233e+02   -5.15468e+05    1.02623e+05   -4.12845e+05   -5.34120e+05
    Temperature Pres. DC (bar) Pressure (bar)   Constr. rmsd
    3.09376e+02   -2.12280e+02   -1.79377e+02    3.02477e-06

           Step           Time
         100000      200.00000

   Energies (kJ/mol)
           Bond          Angle    Proper Dih. Per. Imp. Dih.          LJ-14
    2.41373e+03    6.71519e+03    1.12850e+04    3.78200e+02    3.13687e+03
     Coulomb-14        LJ (SR)  Disper. corr.   Coulomb (SR)   Coul. recip.
    4.58322e+04    6.72660e+04   -5.08399e+03   -6.54538e+05    4.06048e+03
 Position Rest.      Potential    Kinetic En.   Total Energy  Conserved En.
    7.35724e+02   -5.17799e+05    1.02125e+05   -4.15673e+05   -5.34258e+05
    Temperature Pres. DC (bar) Pressure (bar)   Constr. rmsd
    3.07876e+02   -2.12280e+02   -2.60643e+02    3.02477e-06

           Step           Time
         105000      210.00000

   Energies (kJ/mol)
           Bond          Angle    Proper Dih. Per. Imp. Dih.          LJ-14
    2.59012e+03    6.56444e+03    1.12900e+04    3.47659e+02    3.19382e+03
     Coulomb-14        LJ (SR)  Disper. corr.   Coulomb (SR)   Coul. recip.
    4.57542e+04    6.73731e+04   -5.08399e+03   -6.52789e+05    3.99080e+03
 Position Rest.      Potential    Kinetic En.   Total Energy  Conserved En.
    6.78672e+02   -5.16090e+05    1.03124e+05   -4.12967e+05   -5.34392e+05
    Temperature Pres. DC (bar) Pressure (bar)   Constr. rmsd
    3.10886e+02   -2.12280e+02   -1.45145e+02    3.02477e-06

           Step           Time
         110000      220.00000

   Energies (kJ/mol)
           Bond          Angle    Proper Dih. Per. Imp. Dih.          LJ-14
    2.44019e+03    6.56720e+03    1.13775e+04    3.96660e+02    3.20021e+03
     Coulomb-14        LJ (SR)  Disper. corr.   Coulomb (SR)   Coul. recip.
    4.60333e+04    6.81824e+04   -5.08399e+03   -6.54150e+05    4.04728e+03
 Position Rest.      Potential    Kinetic En.   Total Energy  Conserved En.
    6.98645e+02   -5.16290e+05    1.02066e+05   -4.14224e+05   -5.34450e+05
    Temperature Pres. DC (bar) Pressure (bar)   Constr. rmsd
    3.07697e+02   -2.12280e+02   -3.01293e+01    3.02477e-06

           Step           Time
         115000      230.00000

   Energies (kJ/mol)
           Bond          Angle    Proper Dih. Per. Imp. Dih.          LJ-14
    2.66750e+03    6.56216e+03    1.13349e+04    4.12200e+02    3.16882e+03
     Coulomb-14        LJ (SR)  Disper. corr.   Coulomb (SR)   Coul. recip.
    4.57278e+04    6.75595e+04   -5.08399e+03   -6.52620e+05    3.94251e+03
 Position Rest.      Potential    Kinetic En.   Total Energy  Conserved En.
    7.65207e+02   -5.15563e+05    1.02584e+05   -4.12979e+05   -5.34578e+05
    Temperature Pres. DC (bar) Pressure (bar)   Constr. rmsd
    3.09259e+02   -2.12280e+02   -1.92510e+02    3.02477e-06

           Step           Time
         120000      240.00000

   Energies (kJ/mol)
           Bond          Angle    Proper Dih. Per. Imp. Dih.          LJ-14
    2.61189e+03    6.40830e+03    1.13341e+04    3.64621e+02    3.16399e+03
     Coulomb-14        LJ (SR)  Disper. corr.   Coulomb (SR)   Coul. recip.
    4.58638e+04    6.76235e+04   -5.08399e+03   -6.53315e+05    4.05045e+03
 Position Rest.      Potential    Kinetic En.   Total Energy  Conserved En.
    7.39080e+02   -5.16239e+05    1.01243e+05   -4.14996e+05   -5.34690e+05
    Temperature Pres. DC (bar) Pressure (bar)   Constr. rmsd
    3.05215e+02   -2.12280e+02   -2.14964e+02    3.02477e-06

           Step           Time
         125000      250.00000

   Energies (kJ/mol)
           Bond          Angle    Proper Dih. Per. Imp. Dih.          LJ-14
    2.47915e+03    6.72885e+03    1.12625e+04    4.30455e+02    3.18213e+03
     Coulomb-14        LJ (SR)  Disper. corr.   Coulomb (SR)   Coul. recip.
    4.59475e+04    6.74439e+04   -5.08399e+03   -6.53618e+05    4.05356e+03
 Position Rest.      Potential    Kinetic En.   Total Energy  Conserved En.
    7.39948e+02   -5.16434e+05    1.03306e+05   -4.13128e+05   -5.34807e+05
    Temperature Pres. DC (bar) Pressure (bar)   Constr. rmsd
    3.11435e+02   -2.12280e+02   -2.41974e+01    3.02477e-06

           Step           Time
         130000      260.00000

   Energies (kJ/mol)
           Bond          Angle    Proper Dih. Per. Imp. Dih.          LJ-14
    2.43056e+03    6.42032e+03    1.11636e+04    3.85865e+02    3.16835e+03
     Coulomb-14        LJ (SR)  Disper. corr.   Coulomb (SR)   Coul. recip.
    4.58176e+04    6.71392e+04   -5.08399e+03   -6.52254e+05    3.95697e+03
 Position Rest.      Potential    Kinetic En.   Total Energy  Conserved En.
    7.59221e+02   -5.16096e+05    1.01580e+05   -4.14516e+05   -5.34917e+05
    Temperature Pres. DC (bar) Pressure (bar)   Constr. rmsd
    3.06233e+02   -2.12280e+02   -2.39707e+02    3.02477e-06

           Step           Time
         135000      270.00000

   Energies (kJ/mol)
           Bond          Angle    Proper Dih. Per. Imp. Dih.          LJ-14
    2.58713e+03    6.64014e+03    1.12366e+04    3.88934e+02    3.15725e+03
     Coulomb-14        LJ (SR)  Disper. corr.   Coulomb (SR)   Coul. recip.
    4.57964e+04    6.77030e+04   -5.08399e+03   -6.53293e+05    4.06174e+03
 Position Rest.      Potential    Kinetic En.   Total Energy  Conserved En.
    7.96948e+02   -5.16008e+05    1.02668e+05   -4.13340e+05   -5.35025e+05
    Temperature Pres. DC (bar) Pressure (bar)   Constr. rmsd
    3.09512e+02   -2.12280e+02   -2.26897e+02    3.02477e-06

           Step           Time
         140000      280.00000

   Energies (kJ/mol)
           Bond          Angle    Proper Dih. Per. Imp. Dih.          LJ-14
    2.32780e+03    6.66883e+03    1.12033e+04    3.97913e+02    3.13893e+03
     Coulomb-14        LJ (SR)  Disper. corr.   Coulomb (SR)   Coul. recip.
    4.58932e+04    6.82316e+04   -5.08399e+03   -6.54193e+05    4.02498e+03
 Position Rest.      Potential    Kinetic En.   Total Energy  Conserved En.
    7.77408e+02   -5.16613e+05    1.01885e+05   -4.14728e+05   -5.35109e+05
    Temperature Pres. DC (bar) Pressure (bar)   Constr. rmsd
    3.07151e+02   -2.12280e+02   -1.50439e+02    3.02477e-06

           Step           Time
         145000      290.00000

   Energies (kJ/mol)
           Bond          Angle    Proper Dih. Per. Imp. Dih.          LJ-14
    2.58706e+03    6.59393e+03    1.14367e+04    4.52929e+02    3.13427e+03
     Coulomb-14        LJ (SR)  Disper. corr.   Coulomb (SR)   Coul. recip.
    4.58109e+04    6.70280e+04   -5.08399e+03   -6.53277e+05    3.88577e+03
 Position Rest.      Potential    Kinetic En.   Total Energy  Conserved En.
    8.17410e+02   -5.16614e+05    1.02118e+05   -4.14496e+05   -5.35196e+05
    Temperature Pres. DC (bar) Pressure (bar)   Constr. rmsd
    3.07852e+02   -2.12280e+02   -2.17740e+02    3.02477e-06

           Step           Time
         150000      300.00000

   Energies (kJ/mol)
           Bond          Angle    Proper Dih. Per. Imp. Dih.          LJ-14
    2.55703e+03    6.60904e+03    1.12507e+04    4.26505e+02    3.20799e+03
     Coulomb-14        LJ (SR)  Disper. corr.   Coulomb (SR)   Coul. recip.
    4.57333e+04    6.73749e+04   -5.08399e+03   -6.53689e+05    4.03390e+03
 Position Rest.      Potential    Kinetic En.   Total Energy  Conserved En.
    8.00487e+02   -5.16779e+05    1.01880e+05   -4.14900e+05   -5.35331e+05
    Temperature Pres. DC (bar) Pressure (bar)   Constr. rmsd
    3.07135e+02   -2.12280e+02   -4.25778e+02    3.02477e-06

           Step           Time
         155000      310.00000

   Energies (kJ/mol)
           Bond          Angle    Proper Dih. Per. Imp. Dih.          LJ-14
    2.48446e+03    6.69840e+03    1.11987e+04    4.19815e+02    3.17630e+03
     Coulomb-14        LJ (SR)  Disper. corr.   Coulomb (SR)   Coul. recip.
    4.59400e+04    6.68434e+04   -5.08399e+03   -6.51508e+05    3.99671e+03
 Position Rest.      Potential    Kinetic En.   Total Energy  Conserved En.
    7.16057e+02   -5.15118e+05    1.02572e+05   -4.12546e+05   -5.35488e+05
    Temperature Pres. DC (bar) Pressure (bar)   Constr. rmsd
    3.09223e+02   -2.12280e+02   -2.28860e+02    3.02477e-06

           Step           Time
         160000      320.00000

   Energies (kJ/mol)
           Bond          Angle    Proper Dih. Per. Imp. Dih.          LJ-14
    2.52179e+03    6.48569e+03    1.12496e+04    4.11148e+02    3.17099e+03
     Coulomb-14        LJ (SR)  Disper. corr.   Coulomb (SR)   Coul. recip.
    4.58576e+04    6.65711e+04   -5.08399e+03   -6.52555e+05    3.95366e+03
 Position Rest.      Potential    Kinetic En.   Total Energy  Conserved En.
    7.50564e+02   -5.16667e+05    1.03171e+05   -4.13497e+05   -5.35589e+05
    Temperature Pres. DC (bar) Pressure (bar)   Constr. rmsd
    3.11027e+02   -2.12280e+02   -1.76492e+02    3.02477e-06

           Step           Time
         165000      330.00000

   Energies (kJ/mol)
           Bond          Angle    Proper Dih. Per. Imp. Dih.          LJ-14
    2.58141e+03    6.64514e+03    1.13132e+04    3.87620e+02    3.09883e+03
     Coulomb-14        LJ (SR)  Disper. corr.   Coulomb (SR)   Coul. recip.
    4.57458e+04    6.68724e+04   -5.08399e+03   -6.52368e+05    3.94966e+03
 Position Rest.      Potential    Kinetic En.   Total Energy  Conserved En.
    7.13974e+02   -5.16144e+05    1.03146e+05   -4.12998e+05   -5.35709e+05
    Temperature Pres. DC (bar) Pressure (bar)   Constr. rmsd
    3.10953e+02   -2.12280e+02   -1.83185e+02    3.02477e-06

           Step           Time
         170000      340.00000

   Energies (kJ/mol)
           Bond          Angle    Proper Dih. Per. Imp. Dih.          LJ-14
    2.57666e+03    6.66856e+03    1.13081e+04    4.00793e+02    3.15141e+03
     Coulomb-14        LJ (SR)  Disper. corr.   Coulomb (SR)   Coul. recip.
    4.59716e+04    6.71150e+04   -5.08399e+03   -6.52110e+05    3.94751e+03
 Position Rest.      Potential    Kinetic En.   Total Energy  Conserved En.
    6.92667e+02   -5.15361e+05    1.02884e+05   -4.12477e+05   -5.35785e+05
    Temperature Pres. DC (bar) Pressure (bar)   Constr. rmsd
    3.10162e+02   -2.12280e+02   -1.34058e+02    3.02477e-06

           Step           Time
         175000      350.00000

   Energies (kJ/mol)
           Bond          Angle    Proper Dih. Per. Imp. Dih.          LJ-14
    2.41652e+03    6.71990e+03    1.12913e+04    3.60490e+02    3.15292e+03
     Coulomb-14        LJ (SR)  Disper. corr.   Coulomb (SR)   Coul. recip.
    4.58552e+04    6.65861e+04   -5.08399e+03   -6.52167e+05    4.01614e+03
 Position Rest.      Potential    Kinetic En.   Total Energy  Conserved En.
    7.58260e+02   -5.16094e+05    1.03604e+05   -4.12490e+05   -5.35876e+05
    Temperature Pres. DC (bar) Pressure (bar)   Constr. rmsd
    3.12333e+02   -2.12280e+02   -4.33674e+01    3.02477e-06

           Step           Time
         180000      360.00000

   Energies (kJ/mol)
           Bond          Angle    Proper Dih. Per. Imp. Dih.          LJ-14
    2.71082e+03    6.51003e+03    1.13586e+04    4.19049e+02    3.10563e+03
     Coulomb-14        LJ (SR)  Disper. corr.   Coulomb (SR)   Coul. recip.
    4.58874e+04    6.76148e+04   -5.08399e+03   -6.53126e+05    4.15027e+03
 Position Rest.      Potential    Kinetic En.   Total Energy  Conserved En.
    7.79543e+02   -5.15674e+05    1.03244e+05   -4.12430e+05   -5.35965e+05
    Temperature Pres. DC (bar) Pressure (bar)   Constr. rmsd
    3.11247e+02   -2.12280e+02   -1.56891e+02    3.02477e-06

           Step           Time
         185000      370.00000

   Energies (kJ/mol)
           Bond          Angle    Proper Dih. Per. Imp. Dih.          LJ-14
    2.67256e+03    6.49435e+03    1.12728e+04    3.24477e+02    3.12760e+03
     Coulomb-14        LJ (SR)  Disper. corr.   Coulomb (SR)   Coul. recip.
    4.58249e+04    6.80779e+04   -5.08399e+03   -6.53248e+05    3.94957e+03
 Position Rest.      Potential    Kinetic En.   Total Energy  Conserved En.
    7.72684e+02   -5.15815e+05    1.02031e+05   -4.13784e+05   -5.36073e+05
    Temperature Pres. DC (bar) Pressure (bar)   Constr. rmsd
    3.07592e+02   -2.12280e+02   -2.17588e+02    3.02477e-06

           Step           Time
         190000      380.00000

   Energies (kJ/mol)
           Bond          Angle    Proper Dih. Per. Imp. Dih.          LJ-14
    2.48594e+03    6.85058e+03    1.12855e+04    4.10608e+02    3.14090e+03
     Coulomb-14        LJ (SR)  Disper. corr.   Coulomb (SR)   Coul. recip.
    4.57799e+04    6.63350e+04   -5.08399e+03   -6.51635e+05    4.00666e+03
 Position Rest.      Potential    Kinetic En.   Total Energy  Conserved En.
    7.24686e+02   -5.15699e+05    1.02698e+05   -4.13000e+05   -5.36162e+05
    Temperature Pres. DC (bar) Pressure (bar)   Constr. rmsd
    3.09604e+02   -2.12280e+02   -2.28281e+02    3.02477e-06

           Step           Time
         195000      390.00000

   Energies (kJ/mol)
           Bond          Angle    Proper Dih. Per. Imp. Dih.          LJ-14
    2.34157e+03    6.80564e+03    1.12658e+04    3.73043e+02    3.17884e+03
     Coulomb-14        LJ (SR)  Disper. corr.   Coulomb (SR)   Coul. recip.
    4.59054e+04    6.66740e+04   -5.08399e+03   -6.52559e+05    4.10252e+03
 Position Rest.      Potential    Kinetic En.   Total Energy  Conserved En.
    7.42687e+02   -5.16254e+05    1.02833e+05   -4.13420e+05   -5.36285e+05
    Temperature Pres. DC (bar) Pressure (bar)   Constr. rmsd
    3.10010e+02   -2.12280e+02   -2.59143e+02    3.02477e-06

           Step           Time
         200000      400.00000

   Energies (kJ/mol)
           Bond          Angle    Proper Dih. Per. Imp. Dih.          LJ-14
    2.39846e+03    6.87742e+03    1.13280e+04    4.53367e+02    3.15492e+03
     Coulomb-14        LJ (SR)  Disper. corr.   Coulomb (SR)   Coul. recip.
    4.58555e+04    6.78390e+04   -5.08399e+03   -6.52891e+05    4.01555e+03
 Position Rest.      Potential    Kinetic En.   Total Energy  Conserved En.
    7.30260e+02   -5.15322e+05    1.03441e+05   -4.11882e+05   -5.36358e+05
    Temperature Pres. DC (bar) Pressure (bar)   Constr. rmsd
    3.11841e+02   -2.12280e+02    1.17039e+02    3.02477e-06

           Step           Time
         205000      410.00000

   Energies (kJ/mol)
           Bond          Angle    Proper Dih. Per. Imp. Dih.          LJ-14
    2.57069e+03    6.82129e+03    1.13169e+04    4.06628e+02    3.12394e+03
     Coulomb-14        LJ (SR)  Disper. corr.   Coulomb (SR)   Coul. recip.
    4.58830e+04    6.65119e+04   -5.08399e+03   -6.50630e+05    4.02759e+03
 Position Rest.      Potential    Kinetic En.   Total Energy  Conserved En.
    8.02929e+02   -5.14249e+05    1.03361e+05   -4.10888e+05   -5.36440e+05
    Temperature Pres. DC (bar) Pressure (bar)   Constr. rmsd
    3.11601e+02   -2.12280e+02   -2.77665e+02    3.02477e-06

           Step           Time
         210000      420.00000

   Energies (kJ/mol)
           Bond          Angle    Proper Dih. Per. Imp. Dih.          LJ-14
    2.52725e+03    6.68665e+03    1.13204e+04    3.91466e+02    3.20699e+03
     Coulomb-14        LJ (SR)  Disper. corr.   Coulomb (SR)   Coul. recip.
    4.59167e+04    6.84605e+04   -5.08399e+03   -6.53646e+05    4.08025e+03
 Position Rest.      Potential    Kinetic En.   Total Energy  Conserved En.
    7.88772e+02   -5.15351e+05    1.02907e+05   -4.12445e+05   -5.36553e+05
    Temperature Pres. DC (bar) Pressure (bar)   Constr. rmsd
    3.10231e+02   -2.12280e+02    1.82884e+02    3.02477e-06

           Step           Time
         215000      430.00000

   Energies (kJ/mol)
           Bond          Angle    Proper Dih. Per. Imp. Dih.          LJ-14
    2.50440e+03    6.49810e+03    1.13294e+04    4.02947e+02    3.20544e+03
     Coulomb-14        LJ (SR)  Disper. corr.   Coulomb (SR)   Coul. recip.
    4.57799e+04    6.81813e+04   -5.08399e+03   -6.53134e+05    4.02236e+03
 Position Rest.      Potential    Kinetic En.   Total Energy  Conserved En.
    7.93350e+02   -5.15501e+05    1.02806e+05   -4.12695e+05   -5.36683e+05
    Temperature Pres. DC (bar) Pressure (bar)   Constr. rmsd
    3.09927e+02   -2.12280e+02   -1.22410e+02    3.02477e-06

           Step           Time
         220000      440.00000

   Energies (kJ/mol)
           Bond          Angle    Proper Dih. Per. Imp. Dih.          LJ-14
    2.58119e+03    6.74473e+03    1.12920e+04    4.35605e+02    3.09002e+03
     Coulomb-14        LJ (SR)  Disper. corr.   Coulomb (SR)   Coul. recip.
    4.57574e+04    6.59476e+04   -5.08399e+03   -6.51323e+05    4.07720e+03
 Position Rest.      Potential    Kinetic En.   Total Energy  Conserved En.
    8.14293e+02   -5.15667e+05    1.02077e+05   -4.13589e+05   -5.36732e+05
    Temperature Pres. DC (bar) Pressure (bar)   Constr. rmsd
    3.07731e+02   -2.12280e+02   -4.34566e+02    3.02477e-06

           Step           Time
         225000      450.00000

   Energies (kJ/mol)
           Bond          Angle    Proper Dih. Per. Imp. Dih.          LJ-14
    2.40913e+03    6.53226e+03    1.13015e+04    4.18174e+02    3.23493e+03
     Coulomb-14        LJ (SR)  Disper. corr.   Coulomb (SR)   Coul. recip.
    4.60864e+04    6.69426e+04   -5.08399e+03   -6.52663e+05    4.09014e+03
 Position Rest.      Potential    Kinetic En.   Total Energy  Conserved En.
    7.68683e+02   -5.15963e+05    1.02661e+05   -4.13302e+05   -5.36828e+05
    Temperature Pres. DC (bar) Pressure (bar)   Constr. rmsd
    3.09491e+02   -2.12280e+02   -3.72783e+00    3.02477e-06

           Step           Time
         230000      460.00000

   Energies (kJ/mol)
           Bond          Angle    Proper Dih. Per. Imp. Dih.          LJ-14
    2.50162e+03    6.82934e+03    1.12730e+04    3.94600e+02    3.15662e+03
     Coulomb-14        LJ (SR)  Disper. corr.   Coulomb (SR)   Coul. recip.
    4.55005e+04    6.72719e+04   -5.08399e+03   -6.52506e+05    4.09297e+03
 Position Rest.      Potential    Kinetic En.   Total Energy  Conserved En.
    8.49046e+02   -5.15721e+05    1.02652e+05   -4.13068e+05   -5.36945e+05
    Temperature Pres. DC (bar) Pressure (bar)   Constr. rmsd
    3.09464e+02   -2.12280e+02   -2.39031e+02    3.02477e-06

           Step           Time
         235000      470.00000

   Energies (kJ/mol)
           Bond          Angle    Proper Dih. Per. Imp. Dih.          LJ-14
    2.47087e+03    6.55465e+03    1.13778e+04    3.77300e+02    3.12436e+03
     Coulomb-14        LJ (SR)  Disper. corr.   Coulomb (SR)   Coul. recip.
    4.59153e+04    6.86607e+04   -5.08399e+03   -6.55090e+05    3.99127e+03
 Position Rest.      Potential    Kinetic En.   Total Energy  Conserved En.
    7.61003e+02   -5.16941e+05    1.02543e+05   -4.14398e+05   -5.37038e+05
    Temperature Pres. DC (bar) Pressure (bar)   Constr. rmsd
    3.09135e+02   -2.12280e+02   -5.01516e+01    3.02477e-06

           Step           Time
         240000      480.00000

   Energies (kJ/mol)
           Bond          Angle    Proper Dih. Per. Imp. Dih.          LJ-14
    2.47723e+03    6.56038e+03    1.13000e+04    4.18914e+02    3.17863e+03
     Coulomb-14        LJ (SR)  Disper. corr.   Coulomb (SR)   Coul. recip.
    4.61683e+04    6.73233e+04   -5.08399e+03   -6.53909e+05    4.00443e+03
 Position Rest.      Potential    Kinetic En.   Total Energy  Conserved En.
    8.32619e+02   -5.16729e+05    1.03107e+05   -4.13622e+05   -5.37145e+05
    Temperature Pres. DC (bar) Pressure (bar)   Constr. rmsd
    3.10836e+02   -2.12280e+02   -2.17778e+02    3.02477e-06

           Step           Time
         245000      490.00000

   Energies (kJ/mol)
           Bond          Angle    Proper Dih. Per. Imp. Dih.          LJ-14
    2.54408e+03    6.77581e+03    1.11784e+04    3.86758e+02    3.17979e+03
     Coulomb-14        LJ (SR)  Disper. corr.   Coulomb (SR)   Coul. recip.
    4.60474e+04    6.60705e+04   -5.08399e+03   -6.51632e+05    3.93167e+03
 Position Rest.      Potential    Kinetic En.   Total Energy  Conserved En.
    7.79368e+02   -5.15822e+05    1.03060e+05   -4.12762e+05   -5.37270e+05
    Temperature Pres. DC (bar) Pressure (bar)   Constr. rmsd
    3.10694e+02   -2.12280e+02   -4.93582e+02    3.02477e-06

           Step           Time
         250000      500.00000

Writing checkpoint, step 250000 at Wed Jul 16 22:28:35 2025


   Energies (kJ/mol)
           Bond          Angle    Proper Dih. Per. Imp. Dih.          LJ-14
    2.59119e+03    6.71115e+03    1.12683e+04    4.16089e+02    3.19163e+03
     Coulomb-14        LJ (SR)  Disper. corr.   Coulomb (SR)   Coul. recip.
    4.58468e+04    6.78135e+04   -5.08399e+03   -6.53670e+05    4.09158e+03
 Position Rest.      Potential    Kinetic En.   Total Energy  Conserved En.
    7.52385e+02   -5.16071e+05    1.03311e+05   -4.12760e+05   -5.37392e+05
    Temperature Pres. DC (bar) Pressure (bar)   Constr. rmsd
    3.11451e+02   -2.12280e+02   -2.09328e+02    3.02477e-06


Energy conservation over simulation part #1 of length 500 ps, time 0 to 500 ps
  Conserved energy drift: -2.21e-04 kJ/mol/ps per atom


	<======  ###############  ==>
	<====  A V E R A G E S  ====>
	<==  ###############  ======>

	Statistics over 250001 steps using 2501 frames

   Energies (kJ/mol)
           Bond          Angle    Proper Dih. Per. Imp. Dih.          LJ-14
    2.51643e+03    6.65269e+03    1.12903e+04    4.02691e+02    3.16072e+03
     Coulomb-14        LJ (SR)  Disper. corr.   Coulomb (SR)   Coul. recip.
    4.58568e+04    6.71563e+04   -5.08399e+03   -6.52757e+05    4.01337e+03
 Position Rest.      Potential    Kinetic En.   Total Energy  Conserved En.
    7.50749e+02   -5.16041e+05    1.02815e+05   -4.13226e+05   -5.34774e+05
    Temperature Pres. DC (bar) Pressure (bar)   Constr. rmsd
    3.09956e+02   -2.12280e+02   -1.99552e+02    0.00000e+00

   Total Virial (kJ/mol)
    3.65978e+04   -1.72798e+02   -6.63607e+01
   -1.72794e+02    3.67063e+04    4.85235e+01
   -6.63573e+01    4.85247e+01    3.66889e+04

   Pressure (bar)
   -1.93989e+02    1.40185e+01    3.70802e+00
    1.40182e+01   -2.01476e+02   -6.56723e+00
    3.70773e+00   -6.56733e+00   -2.03191e+02

      T-Protein  T-non-Protein
    3.10162e+02    3.09933e+02


	M E G A - F L O P S   A C C O U N T I N G

 NB=Group-cutoff nonbonded kernels    NxN=N-by-N cluster Verlet kernels
 RF=Reaction-Field  VdW=Van der Waals  QSTab=quadratic-spline table
 W3=SPC/TIP3p  W4=TIP4p (single or pairs)
 V&F=Potential and force  V=Potential only  F=Force only

 Computing:                               M-Number         M-Flops  % Flops
-----------------------------------------------------------------------------
 Pair Search distance check            9546.355456       85917.199     0.0
 NxN Ewald Elec. + LJ [F]           9454293.649152   623983380.844    98.4
 NxN Ewald Elec. + LJ [V&F]           95536.078528    10222360.402     1.6
 Shift-X                                 97.616531         585.699     0.0
 Pos. Restr.                            413.751655       20687.583     0.0
 Virial                                  97.729076        1759.123     0.0
 Stop-CM                                 97.655562         976.556     0.0
 Calc-Ekin                             1951.628062       52693.958     0.0
 Lincs                                    0.003222           0.193     0.0
 Lincs-Mat                                0.016584           0.066     0.0
 Constraint-V                             0.038907           0.350     0.0
 Settle                                   0.023790           8.802     0.0
-----------------------------------------------------------------------------
 Total                                               634368370.776   100.0
-----------------------------------------------------------------------------


      R E A L   C Y C L E   A N D   T I M E   A C C O U N T I N G

On 1 MPI rank, each using 10 OpenMP threads

 Activity:              Num   Num      Call    Wall time         Giga-Cycles
                        Ranks Threads  Count      (s)         total sum    %
--------------------------------------------------------------------------------
 Neighbor search           1   10       2501       3.808        114.061   3.9
 Launch PP GPU ops.        1   10     497501      15.820        473.849  16.0
 Force                     1   10     250001      20.888        625.631  21.1
 PME GPU mesh              1   10     250001      16.793        502.971  17.0
 Wait Bonded GPU           1   10       2501       0.100          3.006   0.1
 Wait GPU NB local         1   10     250001       0.528         15.808   0.5
 Wait GPU state copy       1   10     310003      34.768       1041.365  35.2
 NB X/F buffer ops.        1   10       2501       0.055          1.653   0.1
 Write traj.               1   10          1       0.113          3.372   0.1
 Constraints               1   10          2       0.000          0.004   0.0
 Rest                                              6.007        179.923   6.1
--------------------------------------------------------------------------------
 Total                                            98.880       2961.643 100.0
--------------------------------------------------------------------------------
 Breakdown of PME mesh activities
--------------------------------------------------------------------------------
 Wait PME GPU gather       1   10     250001       0.440         13.174   0.4
 Reduce GPU PME F          1   10     250001       0.062          1.865   0.1
 Launch PME GPU ops.       1   10    2000015      15.902        476.290  16.1
--------------------------------------------------------------------------------

               Core t (s)   Wall t (s)        (%)
       Time:      988.769       98.880     1000.0
                 (ns/day)    (hour/ns)
Performance:      436.897        0.055
Finished mdrun on rank 0 Wed Jul 16 22:28:35 2025

